Determining if the pthread_create exist failed with the following output:
Change Dir: /workspace/wego_ws/build/CMakeFiles/CMakeTmp

Run Build Command(s):/usr/bin/make cmTC_24857/fast 
/usr/bin/make -f CMakeFiles/cmTC_24857.dir/build.make CMakeFiles/cmTC_24857.dir/build
make[1]: Entering directory '/workspace/wego_ws/build/CMakeFiles/CMakeTmp'
Building C object CMakeFiles/cmTC_24857.dir/CheckSymbolExists.c.o
/usr/bin/cc    -o CMakeFiles/cmTC_24857.dir/CheckSymbolExists.c.o   -c /workspace/wego_ws/build/CMakeFiles/CMakeTmp/CheckSymbolExists.c
Linking C executable cmTC_24857
/usr/local/bin/cmake -E cmake_link_script CMakeFiles/cmTC_24857.dir/link.txt --verbose=1
/usr/bin/cc      -rdynamic CMakeFiles/cmTC_24857.dir/CheckSymbolExists.c.o  -o cmTC_24857 
/usr/bin/ld: CMakeFiles/cmTC_24857.dir/CheckSymbolExists.c.o: in function `main':
CheckSymbolExists.c:(.text+0x1f): undefined reference to `pthread_create'
collect2: error: ld returned 1 exit status
make[1]: *** [CMakeFiles/cmTC_24857.dir/build.make:87: cmTC_24857] Error 1
make[1]: Leaving directory '/workspace/wego_ws/build/CMakeFiles/CMakeTmp'
make: *** [Makefile:121: cmTC_24857/fast] Error 2

File /workspace/wego_ws/build/CMakeFiles/CMakeTmp/CheckSymbolExists.c:
/* */
#include <pthread.h>

int main(int argc, char** argv)
{
  (void)argv;
#ifndef pthread_create
  return ((int*)(&pthread_create))[argc];
#else
  (void)argc;
  return 0;
#endif
}

Determining if the function pthread_create exists in the pthreads failed with the following output:
Change Dir: /workspace/wego_ws/build/CMakeFiles/CMakeTmp

Run Build Command(s):/usr/bin/make cmTC_1e6e1/fast 
/usr/bin/make -f CMakeFiles/cmTC_1e6e1.dir/build.make CMakeFiles/cmTC_1e6e1.dir/build
make[1]: Entering directory '/workspace/wego_ws/build/CMakeFiles/CMakeTmp'
Building C object CMakeFiles/cmTC_1e6e1.dir/CheckFunctionExists.c.o
/usr/bin/cc   -DCHECK_FUNCTION_EXISTS=pthread_create   -o CMakeFiles/cmTC_1e6e1.dir/CheckFunctionExists.c.o   -c /usr/local/share/cmake-3.14/Modules/CheckFunctionExists.c
Linking C executable cmTC_1e6e1
/usr/local/bin/cmake -E cmake_link_script CMakeFiles/cmTC_1e6e1.dir/link.txt --verbose=1
/usr/bin/cc  -DCHECK_FUNCTION_EXISTS=pthread_create    -rdynamic CMakeFiles/cmTC_1e6e1.dir/CheckFunctionExists.c.o  -o cmTC_1e6e1 -lpthreads 
/usr/bin/ld: cannot find -lpthreads
collect2: error: ld returned 1 exit status
make[1]: *** [CMakeFiles/cmTC_1e6e1.dir/build.make:87: cmTC_1e6e1] Error 1
make[1]: Leaving directory '/workspace/wego_ws/build/CMakeFiles/CMakeTmp'
make: *** [Makefile:121: cmTC_1e6e1/fast] Error 2


